<?xml version="1.0" encoding="UTF-8"?>
<!-- Generated by org.testng.reporters.JUnitReportReporter -->
<testsuite hostname="DESKTOP-55L81PJ" failures="0" tests="1" name="com.ninza.crm.tests.campaign.CreateCampaignTest" time="6.291" errors="0" timestamp="2025-08-13T01:11:25 IST" skipped="0">
  <testcase classname="com.ninza.crm.tests.campaign.CreateCampaignTest" name="testCreateCampaign" time="6.291"/>
</testsuite> <!-- com.ninza.crm.tests.campaign.CreateCampaignTest -->
