<?xml version="1.0" encoding="UTF-8"?>
<!-- Generated by org.testng.reporters.JUnitReportReporter -->
<testsuite hostname="DESKTOP-55L81PJ" failures="0" tests="1" name="com.ninza.crm.tests.contacts.CreateContactTest" time="6.405" errors="0" timestamp="2025-08-13T02:29:08 IST" skipped="0">
  <testcase classname="com.ninza.crm.tests.contacts.CreateContactTest" name="testCreateContact" time="6.405"/>
</testsuite> <!-- com.ninza.crm.tests.contacts.CreateContactTest -->
